{
  "RSpec": {
    "coverage": {
      "/Users/manu/projects/curlbox/curlbox.rb": [
        null,
        null,
        1,
        1,
        null,
        1,
        1,
        null,
        15,
        null,
        1,
        2,
        2,
        null,
        null,
        null,
        1,
        1,
        null,
        1,
        1,
        null,
        1,
        35,
        null,
        35,
        0,
        0,
        null,
        null,
        35,
        null,
        null,
        null,
        35,
        35,
        null,
        35,
        35,
        null,
        35,
        35,
        35,
        35,
        35,
        35,
        null,
        null,
        null
      ],
      "/Users/manu/projects/curlbox/lib/controllers/app_controller.rb": [
        1,
        1,
        1,
        null,
        1,
        274,
        274,
        null,
        null,
        1,
        254,
        254,
        null,
        null,
        1,
        null,
        1,
        16,
        0,
        10,
        6,
        0,
        0,
        null,
        null,
        16,
        null,
        16,
        null,
        null,
        1,
        11,
        null,
        null,
        1,
        336,
        null,
        null,
        1,
        null,
        44,
        44,
        80,
        null,
        null,
        1,
        0,
        null,
        null,
        null
      ],
      "/Users/manu/projects/curlbox/lib/controllers/cache_middleware.rb": [
        1,
        1,
        1,
        null,
        1,
        56,
        50,
        null,
        null,
        1,
        56,
        null,
        null,
        null
      ],
      "/Users/manu/projects/curlbox/lib/controllers/delete.rb": [
        1,
        1,
        1,
        0,
        0,
        null,
        null,
        null
      ],
      "/Users/manu/projects/curlbox/lib/controllers/file_managers.rb": [
        1,
        1,
        54,
        null,
        null
      ],
      "/Users/manu/projects/curlbox/lib/controllers/get.rb": [
        1,
        1,
        1,
        31,
        31,
        21,
        null,
        null,
        null
      ],
      "/Users/manu/projects/curlbox/lib/controllers/mime_middleware.rb": [
        1,
        1,
        null,
        1,
        1,
        1,
        50,
        50,
        32,
        null,
        null,
        null,
        null,
        null
      ],
      "/Users/manu/projects/curlbox/lib/controllers/post.rb": [
        1,
        1,
        1,
        7,
        7,
        null,
        null,
        null
      ],
      "/Users/manu/projects/curlbox/lib/controllers/put.rb": [
        1,
        1,
        1,
        4,
        4,
        null,
        null,
        null
      ],
      "/Users/manu/projects/curlbox/lib/controllers/router.rb": [
        1,
        1,
        1,
        50,
        null,
        50,
        null,
        null,
        null,
        null,
        0,
        null,
        null,
        null,
        1,
        44,
        38,
        null,
        null,
        null,
        1,
        50,
        null,
        null,
        1,
        50,
        153,
        79,
        50,
        50,
        50,
        50,
        null,
        null,
        0,
        0,
        null,
        null,
        null
      ],
      "/Users/manu/projects/curlbox/lib/controllers/server_curl_box_middleware.rb": [
        1,
        1,
        1,
        112,
        null,
        null,
        null
      ],
      "/Users/manu/projects/curlbox/lib/file_managers/fs.rb": [
        1,
        null,
        1,
        1,
        1,
        null,
        null,
        1,
        7,
        7,
        null,
        null,
        1,
        14,
        7,
        null,
        null,
        1,
        10,
        7,
        null,
        null,
        null,
        1,
        null
      ],
      "/Users/manu/projects/curlbox/lib/file_managers/manager.rb": [
        1,
        1,
        1,
        null,
        1,
        51,
        51,
        51,
        null,
        null,
        1,
        31,
        null,
        null,
        1,
        8,
        null,
        8,
        8,
        8,
        null,
        8,
        null,
        null,
        1,
        55,
        11,
        null,
        null,
        1,
        55,
        null,
        2,
        null,
        null,
        1,
        111,
        null,
        null,
        1,
        56,
        null,
        null,
        1,
        null,
        1,
        8,
        8,
        8,
        null,
        null,
        1,
        71,
        71,
        71,
        60,
        null,
        null,
        1,
        8,
        null,
        null,
        1,
        8,
        8,
        null,
        null,
        1,
        157,
        null,
        null,
        1,
        30,
        null,
        null,
        1,
        40,
        38,
        38,
        7,
        0,
        null,
        null,
        null
      ],
      "/Users/manu/projects/curlbox/lib/file_managers/memory.rb": [
        1,
        1,
        1,
        null,
        1,
        43,
        null,
        null,
        1,
        24,
        null,
        null,
        1,
        57,
        null,
        null,
        1,
        63,
        null,
        null,
        null,
        1,
        null
      ],
      "/Users/manu/projects/curlbox/lib/file_managers/s3.rb": [
        1,
        null,
        1,
        1,
        1,
        null,
        1,
        0,
        null,
        null,
        1,
        0,
        null,
        null,
        1,
        null,
        null,
        0,
        null,
        0,
        null,
        null,
        1,
        0,
        0,
        null,
        null,
        1,
        null,
        1,
        0,
        null,
        null,
        null,
        1,
        null
      ],
      "/Users/manu/projects/curlbox/spec/manager_spec.rb": [
        1,
        null,
        1,
        14,
        null,
        null,
        1,
        1,
        3,
        2,
        2,
        16,
        null,
        null,
        null,
        null,
        18,
        null,
        2,
        4,
        null,
        4,
        null,
        null,
        2,
        2,
        2,
        2,
        null,
        null,
        2,
        2,
        2,
        null,
        null,
        null,
        2,
        2,
        2,
        2,
        null,
        null,
        2,
        2,
        2,
        null,
        null,
        null,
        2,
        2,
        2,
        2,
        2,
        2,
        2,
        null,
        null,
        2,
        2,
        2,
        2,
        2,
        2,
        null,
        null,
        null,
        null,
        2,
        4,
        null,
        null,
        2,
        4,
        null,
        null,
        null
      ]
    },
    "timestamp": 1464906048
  }
}
